Entrevoisins/app/build/intermediates/manifest_merge_blame_file/debug/manifest-merger-blame-debug-report.txt
1<?xml version="1.0" encoding="utf-8"?>
2<manifest xmlns:android="http://schemas.android.com/apk/res/android"
3    package="com.openclassrooms.entrevoisins"
4    android:versionCode="1"
5    android:versionName="1.0" >
6
7    <uses-sdk
8        android:minSdkVersion="21"
8-->src\main\AndroidManifest.xml
9        android:targetSdkVersion="28" />
9-->src\main\AndroidManifest.xml
10
11    <uses-permission android:name="android.permission.INTERNET" />
11-->src\main\AndroidManifest.xml:5:5-67
11-->src\main\AndroidManifest.xml:5:22-64
12
13    <application
13-->src\main\AndroidManifest.xml:7:5-38:19
14        android:allowBackup="true"
14-->src\main\AndroidManifest.xml:8:9-35
15        android:appComponentFactory="android.support.v4.app.CoreComponentFactory"
15-->[com.android.support:support-compat:28.0.0] AndroidManifest.xml:22:18-91
16        android:debuggable="true"
17        android:icon="@mipmap/ic_launcher"
17-->src\main\AndroidManifest.xml:9:9-43
18        android:label="@string/app_name"
18-->src\main\AndroidManifest.xml:10:9-41
19        android:networkSecurityConfig="@xml/network_security_config"
19-->src\main\AndroidManifest.xml:11:9-69
20        android:roundIcon="@mipmap/ic_launcher_round"
20-->src\main\AndroidManifest.xml:12:9-54
21        android:supportsRtl="true"
21-->src\main\AndroidManifest.xml:13:9-35
22        android:testOnly="true"
23        android:theme="@style/AppTheme" >
23-->src\main\AndroidManifest.xml:14:9-40
24        <activity
24-->src\main\AndroidManifest.xml:16:9-21:20
25            android:name="com.openclassrooms.entrevoisins.ui.neighbour_list.DetailNeighbourActivity"
25-->src\main\AndroidManifest.xml:17:13-70
26            android:parentActivityName="com.openclassrooms.entrevoisins.ui.neighbour_list.ListNeighbourActivity"
26-->src\main\AndroidManifest.xml:18:13-82
27            android:theme="@style/AppTheme.NoActionBar" >
27-->src\main\AndroidManifest.xml:19:13-56
28        </activity>
29        <activity
29-->src\main\AndroidManifest.xml:23:9-25:62
30            android:name="com.openclassrooms.entrevoisins.ui.neighbour_list.AddNeighbourActivity"
30-->src\main\AndroidManifest.xml:24:13-67
31            android:label="@string/activity_new_neighbour" />
31-->src\main\AndroidManifest.xml:25:13-59
32        <activity
32-->src\main\AndroidManifest.xml:27:9-36:20
33            android:name="com.openclassrooms.entrevoisins.ui.neighbour_list.ListNeighbourActivity"
33-->src\main\AndroidManifest.xml:28:13-68
34            android:label="@string/app_name"
34-->src\main\AndroidManifest.xml:29:13-45
35            android:theme="@style/AppTheme.NoActionBar" >
35-->src\main\AndroidManifest.xml:30:13-56
36            <intent-filter>
36-->src\main\AndroidManifest.xml:31:13-35:29
37                <action android:name="android.intent.action.MAIN" />
37-->src\main\AndroidManifest.xml:32:17-69
37-->src\main\AndroidManifest.xml:32:25-66
38
39                <category android:name="android.intent.category.LAUNCHER" />
39-->src\main\AndroidManifest.xml:34:17-77
39-->src\main\AndroidManifest.xml:34:27-74
40            </intent-filter>
41        </activity>
42    </application>
43
44</manifest>